<?xml version="1.0" encoding="UTF-8"?>
<testng-results skipped="0" failed="1" ignored="5" total="6" passed="0">
  <reporter-output>
  </reporter-output>
  <suite name="Default suite" duration-ms="7321" started-at="2022-06-15T18:40:05 IST" finished-at="2022-06-15T18:40:12 IST">
    <groups>
    </groups>
    <test name="Default test" duration-ms="7321" started-at="2022-06-15T18:40:05 IST" finished-at="2022-06-15T18:40:12 IST">
      <class name="tests.ViewTradeTest">
        <test-method status="PASS" signature="beforeMethod()[pri:0, instance:tests.ViewTradeTest@3fd7a715]" name="beforeMethod" is-config="true" duration-ms="3562" started-at="2022-06-15T18:40:05 IST" finished-at="2022-06-15T18:40:08 IST">
          <reporter-output>
          </reporter-output>
        </test-method> <!-- beforeMethod -->
        <test-method status="FAIL" signature="verifyNumberOfShares()[pri:5, instance:tests.ViewTradeTest@3fd7a715]" name="verifyNumberOfShares" duration-ms="2724" started-at="2022-06-15T18:40:08 IST" finished-at="2022-06-15T18:40:11 IST">
          <exception class="java.lang.AssertionError">
            <message>
              <![CDATA[expected [Trade Added Successfully.. ] but found [Insufficient balance.. ]]]>
            </message>
            <full-stacktrace>
              <![CDATA[java.lang.AssertionError: expected [Trade Added Successfully.. ] but found [Insufficient balance.. ]
at org.testng.Assert.fail(Assert.java:97)
at org.testng.Assert.assertEqualsImpl(Assert.java:136)
at org.testng.Assert.assertEquals(Assert.java:118)
at org.testng.Assert.assertEquals(Assert.java:575)
at org.testng.Assert.assertEquals(Assert.java:585)
at tests.ViewTradeTest.verifyNumberOfShares(ViewTradeTest.java:98)
at sun.reflect.NativeMethodAccessorImpl.invoke0(Native Method)
at sun.reflect.NativeMethodAccessorImpl.invoke(NativeMethodAccessorImpl.java:62)
at sun.reflect.DelegatingMethodAccessorImpl.invoke(DelegatingMethodAccessorImpl.java:43)
at java.lang.reflect.Method.invoke(Method.java:498)
at org.testng.internal.MethodInvocationHelper.invokeMethod(MethodInvocationHelper.java:133)
at org.testng.internal.TestInvoker.invokeMethod(TestInvoker.java:584)
at org.testng.internal.TestInvoker.invokeTestMethod(TestInvoker.java:172)
at org.testng.internal.MethodRunner.runInSequence(MethodRunner.java:46)
at org.testng.internal.TestInvoker$MethodInvocationAgent.invoke(TestInvoker.java:804)
at org.testng.internal.TestInvoker.invokeTestMethods(TestInvoker.java:145)
at org.testng.internal.TestMethodWorker.invokeTestMethods(TestMethodWorker.java:146)
at org.testng.internal.TestMethodWorker.run(TestMethodWorker.java:128)
at java.util.ArrayList.forEach(ArrayList.java:1259)
at org.testng.TestRunner.privateRun(TestRunner.java:770)
at org.testng.TestRunner.run(TestRunner.java:591)
at org.testng.SuiteRunner.runTest(SuiteRunner.java:402)
at org.testng.SuiteRunner.runSequentially(SuiteRunner.java:396)
at org.testng.SuiteRunner.privateRun(SuiteRunner.java:355)
at org.testng.SuiteRunner.run(SuiteRunner.java:304)
at org.testng.SuiteRunnerWorker.runSuite(SuiteRunnerWorker.java:53)
at org.testng.SuiteRunnerWorker.run(SuiteRunnerWorker.java:96)
at org.testng.TestNG.runSuitesSequentially(TestNG.java:1180)
at org.testng.TestNG.runSuitesLocally(TestNG.java:1102)
at org.testng.TestNG.runSuites(TestNG.java:1032)
at org.testng.TestNG.run(TestNG.java:1000)
at org.testng.remote.AbstractRemoteTestNG.run(AbstractRemoteTestNG.java:115)
at org.testng.remote.RemoteTestNG.initAndRun(RemoteTestNG.java:251)
at org.testng.remote.RemoteTestNG.main(RemoteTestNG.java:77)
]]>
            </full-stacktrace>
          </exception> <!-- java.lang.AssertionError -->
          <reporter-output>
          </reporter-output>
        </test-method> <!-- verifyNumberOfShares -->
        <test-method status="PASS" signature="tearDown(org.testng.ITestResult)[pri:0, instance:tests.ViewTradeTest@3fd7a715]" name="tearDown" is-config="true" duration-ms="963" started-at="2022-06-15T18:40:11 IST" finished-at="2022-06-15T18:40:12 IST">
          <params>
            <param index="0">
              <value>
                <![CDATA[[TestResult name=verifyNumberOfShares status=FAILURE method=ViewTradeTest.verifyNumberOfShares()[pri:5, instance:tests.ViewTradeTest@3fd7a715] output={null}]]]>
              </value>
            </param>
          </params>
          <reporter-output>
          </reporter-output>
        </test-method> <!-- tearDown -->
      </class> <!-- tests.ViewTradeTest -->
    </test> <!-- Default test -->
  </suite> <!-- Default suite -->
</testng-results>
